<?xml version="1.0" encoding="UTF-8" ?>
<testsuite failures="0" time="52.744" errors="1" skipped="0" tests="4" name="es.bsc.aeneas.workloader.controller.TestImplTest">
  <properties>
    <property name="java.runtime.name" value="Java(TM) SE Runtime Environment"/>
    <property name="sun.boot.library.path" value="/usr/java/jdk1.7.0_40/jre/lib/amd64"/>
    <property name="java.vm.version" value="24.0-b56"/>
    <property name="java.vm.vendor" value="Oracle Corporation"/>
    <property name="java.vendor.url" value="http://java.oracle.com/"/>
    <property name="path.separator" value=":"/>
    <property name="guice.disable.misplaced.annotation.check" value="true"/>
    <property name="java.vm.name" value="Java HotSpot(TM) 64-Bit Server VM"/>
    <property name="file.encoding.pkg" value="sun.io"/>
    <property name="user.country" value="US"/>
    <property name="sun.java.launcher" value="SUN_STANDARD"/>
    <property name="sun.os.patch.level" value="unknown"/>
    <property name="java.vm.specification.name" value="Java Virtual Machine Specification"/>
    <property name="user.dir" value="/home/ccugnasc/workspace/aeneas"/>
    <property name="java.runtime.version" value="1.7.0_40-b43"/>
    <property name="java.awt.graphicsenv" value="sun.awt.X11GraphicsEnvironment"/>
    <property name="java.endorsed.dirs" value="/usr/java/jdk1.7.0_40/jre/lib/endorsed"/>
    <property name="os.arch" value="amd64"/>
    <property name="java.io.tmpdir" value="/tmp"/>
    <property name="line.separator" value="
"/>
    <property name="java.vm.specification.vendor" value="Oracle Corporation"/>
    <property name="os.name" value="Linux"/>
    <property name="classworlds.conf" value="/home/ccugnasc/netbeans-7.3.1/java/maven/bin/m2.conf"/>
    <property name="sun.jnu.encoding" value="UTF-8"/>
    <property name="java.library.path" value="/usr/java/latest/jre/lib/amd64:/usr/java/latest/jre/lib/i386::/usr/java/packages/lib/amd64:/usr/lib64:/lib64:/lib:/usr/lib"/>
    <property name="java.specification.name" value="Java Platform API Specification"/>
    <property name="java.class.version" value="51.0"/>
    <property name="sun.management.compiler" value="HotSpot 64-Bit Tiered Compilers"/>
    <property name="os.version" value="3.12.6-200.fc19.x86_64"/>
    <property name="user.home" value="/home/ccugnasc"/>
    <property name="user.timezone" value="Europe/Madrid"/>
    <property name="java.awt.printerjob" value="sun.print.PSPrinterJob"/>
    <property name="file.encoding" value="UTF-8"/>
    <property name="java.specification.version" value="1.7"/>
    <property name="user.name" value="ccugnasc"/>
    <property name="java.class.path" value="/home/ccugnasc/netbeans-7.3.1/java/maven/boot/plexus-classworlds-2.4.jar"/>
    <property name="java.vm.specification.version" value="1.7"/>
    <property name="sun.arch.data.model" value="64"/>
    <property name="java.home" value="/usr/java/jdk1.7.0_40/jre"/>
    <property name="sun.java.command" value="org.codehaus.plexus.classworlds.launcher.Launcher test"/>
    <property name="java.specification.vendor" value="Oracle Corporation"/>
    <property name="user.language" value="en"/>
    <property name="awt.toolkit" value="sun.awt.X11.XToolkit"/>
    <property name="java.vm.info" value="mixed mode"/>
    <property name="java.version" value="1.7.0_40"/>
    <property name="java.ext.dirs" value="/usr/java/jdk1.7.0_40/jre/lib/ext:/usr/java/packages/lib/ext"/>
    <property name="securerandom.source" value="file:/dev/./urandom"/>
    <property name="sun.boot.class.path" value="/usr/java/jdk1.7.0_40/jre/lib/resources.jar:/usr/java/jdk1.7.0_40/jre/lib/rt.jar:/usr/java/jdk1.7.0_40/jre/lib/sunrsasign.jar:/usr/java/jdk1.7.0_40/jre/lib/jsse.jar:/usr/java/jdk1.7.0_40/jre/lib/jce.jar:/usr/java/jdk1.7.0_40/jre/lib/charsets.jar:/usr/java/jdk1.7.0_40/jre/lib/jfr.jar:/usr/java/jdk1.7.0_40/jre/classes"/>
    <property name="java.vendor" value="Oracle Corporation"/>
    <property name="maven.home" value="/home/ccugnasc/netbeans-7.3.1/java/maven"/>
    <property name="file.separator" value="/"/>
    <property name="java.vendor.url.bug" value="http://bugreport.sun.com/bugreport/"/>
    <property name="sun.cpu.endian" value="little"/>
    <property name="sun.io.unicode.encoding" value="UnicodeLittle"/>
    <property name="sun.cpu.isalist" value=""/>
  </properties>
  <testcase time="0.133" classname="es.bsc.aeneas.workloader.controller.TestImplTest" name="testRunNormally">
    <error message="unable to create new native thread" type="java.lang.OutOfMemoryError">java.lang.OutOfMemoryError: unable to create new native thread
	at java.lang.Thread.start0(Native Method)
	at java.lang.Thread.start(Thread.java:693)
	at java.util.concurrent.ThreadPoolExecutor.addWorker(ThreadPoolExecutor.java:949)
	at java.util.concurrent.ThreadPoolExecutor.execute(ThreadPoolExecutor.java:1360)
	at com.google.common.util.concurrent.MoreExecutors$ListeningDecorator.execute(MoreExecutors.java:449)
	at com.google.common.util.concurrent.AbstractListeningExecutorService.submit(AbstractListeningExecutorService.java:55)
	at es.bsc.aeneas.workloader.controller.TestImpl.run(TestImpl.java:121)
	at es.bsc.aeneas.workloader.controller.TestImplTest.testRunNormally(TestImplTest.java:80)
	at sun.reflect.NativeMethodAccessorImpl.invoke0(Native Method)
	at sun.reflect.NativeMethodAccessorImpl.invoke(NativeMethodAccessorImpl.java:57)
	at sun.reflect.DelegatingMethodAccessorImpl.invoke(DelegatingMethodAccessorImpl.java:43)
	at java.lang.reflect.Method.invoke(Method.java:606)
	at org.junit.runners.model.FrameworkMethod$1.runReflectiveCall(FrameworkMethod.java:44)
	at org.junit.internal.runners.model.ReflectiveCallable.run(ReflectiveCallable.java:15)
	at org.junit.runners.model.FrameworkMethod.invokeExplosively(FrameworkMethod.java:41)
	at org.junit.internal.runners.statements.InvokeMethod.evaluate(InvokeMethod.java:20)
	at org.junit.internal.runners.statements.RunBefores.evaluate(RunBefores.java:28)
	at org.junit.internal.runners.statements.RunAfters.evaluate(RunAfters.java:31)
	at org.junit.runners.BlockJUnit4ClassRunner.runChild(BlockJUnit4ClassRunner.java:76)
	at org.junit.runners.BlockJUnit4ClassRunner.runChild(BlockJUnit4ClassRunner.java:50)
	at org.junit.runners.ParentRunner$3.run(ParentRunner.java:193)
	at org.junit.runners.ParentRunner$1.schedule(ParentRunner.java:52)
	at org.junit.runners.ParentRunner.runChildren(ParentRunner.java:191)
	at org.junit.runners.ParentRunner.access$000(ParentRunner.java:42)
	at org.junit.runners.ParentRunner$2.evaluate(ParentRunner.java:184)
	at org.junit.internal.runners.statements.RunBefores.evaluate(RunBefores.java:28)
	at org.junit.internal.runners.statements.RunAfters.evaluate(RunAfters.java:31)
	at org.junit.runners.ParentRunner.run(ParentRunner.java:236)
	at org.apache.maven.surefire.junit4.JUnit4Provider.execute(JUnit4Provider.java:236)
	at org.apache.maven.surefire.junit4.JUnit4Provider.executeTestSet(JUnit4Provider.java:134)
	at org.apache.maven.surefire.junit4.JUnit4Provider.invoke(JUnit4Provider.java:113)
	at sun.reflect.NativeMethodAccessorImpl.invoke0(Native Method)
	at sun.reflect.NativeMethodAccessorImpl.invoke(NativeMethodAccessorImpl.java:57)
	at sun.reflect.DelegatingMethodAccessorImpl.invoke(DelegatingMethodAccessorImpl.java:43)
	at java.lang.reflect.Method.invoke(Method.java:606)
	at org.apache.maven.surefire.util.ReflectionUtils.invokeMethodWithArray(ReflectionUtils.java:189)
	at org.apache.maven.surefire.booter.ProviderFactory$ProviderProxy.invoke(ProviderFactory.java:165)
	at org.apache.maven.surefire.booter.ProviderFactory.invokeProvider(ProviderFactory.java:85)
	at org.apache.maven.surefire.booter.ForkedBooter.runSuitesInProcess(ForkedBooter.java:103)
	at org.apache.maven.surefire.booter.ForkedBooter.main(ForkedBooter.java:74)
</error>
    <system-out>testRunNormally
</system-out>
    <system-err>Jan 10, 2014 12:46:41 PM es.bsc.aeneas.commons.VerboseConfiguration getProperty
INFO: methodfilter property set to null
Jan 10, 2014 12:46:41 PM es.bsc.aeneas.commons.VerboseConfiguration getString
WARNING: Using the default value for methodfilter property: null
Jan 10, 2014 12:46:41 PM es.bsc.aeneas.commons.VerboseConfiguration getString
INFO: methodfilter property set to null
Jan 10, 2014 12:46:41 PM es.bsc.aeneas.workloader.controller.TestImpl$4 onSuccess
INFO: Completed 1 on 20 queries (5%)
Jan 10, 2014 12:46:41 PM es.bsc.aeneas.workloader.controller.TestImpl$4 onSuccess
INFO: Completed 2 on 20 queries (10%)
Jan 10, 2014 12:46:41 PM es.bsc.aeneas.workloader.controller.TestImpl$4 onSuccess
INFO: Completed 3 on 20 queries (15%)
Jan 10, 2014 12:46:41 PM es.bsc.aeneas.workloader.controller.TestImpl$4 onSuccess
INFO: Completed 4 on 20 queries (20%)
Jan 10, 2014 12:46:41 PM es.bsc.aeneas.workloader.controller.TestImpl$4 onSuccess
INFO: Completed 5 on 20 queries (25%)
Jan 10, 2014 12:46:41 PM es.bsc.aeneas.workloader.controller.TestImpl$4 onSuccess
INFO: Completed 6 on 20 queries (30%)
Jan 10, 2014 12:46:41 PM es.bsc.aeneas.workloader.controller.TestImpl$4 onSuccess
INFO: Completed 7 on 20 queries (35%)
Jan 10, 2014 12:46:41 PM es.bsc.aeneas.workloader.controller.TestImpl$4 onSuccess
INFO: Completed 8 on 20 queries (40%)
Jan 10, 2014 12:46:41 PM es.bsc.aeneas.workloader.controller.TestImpl$4 onSuccess
INFO: Completed 9 on 20 queries (45%)
Jan 10, 2014 12:46:41 PM es.bsc.aeneas.workloader.controller.TestImpl$4 onSuccess
INFO: Completed 10 on 20 queries (50%)
Jan 10, 2014 12:46:41 PM es.bsc.aeneas.workloader.controller.TestImpl$4 onSuccess
INFO: Completed 11 on 20 queries (55%)
Jan 10, 2014 12:46:41 PM es.bsc.aeneas.workloader.controller.TestImpl$4 onSuccess
INFO: Completed 12 on 20 queries (60%)
Jan 10, 2014 12:46:41 PM es.bsc.aeneas.workloader.controller.TestImpl$4 onSuccess
INFO: Completed 13 on 20 queries (65%)
Jan 10, 2014 12:46:41 PM es.bsc.aeneas.workloader.controller.TestImpl$4 onSuccess
INFO: Completed 14 on 20 queries (70%)
Jan 10, 2014 12:46:41 PM es.bsc.aeneas.workloader.controller.TestImpl$4 onSuccess
INFO: Completed 15 on 20 queries (75%)
Jan 10, 2014 12:46:41 PM es.bsc.aeneas.workloader.controller.TestImpl$4 onSuccess
INFO: Completed 16 on 20 queries (80%)
Jan 10, 2014 12:46:41 PM es.bsc.aeneas.workloader.controller.TestImpl$4 onSuccess
INFO: Completed 17 on 20 queries (85%)
Jan 10, 2014 12:46:41 PM es.bsc.aeneas.workloader.controller.TestImpl$4 onSuccess
INFO: Completed 18 on 20 queries (90%)
Jan 10, 2014 12:46:41 PM es.bsc.aeneas.workloader.controller.TestImpl$4 onSuccess
INFO: Completed 19 on 20 queries (95%)
Jan 10, 2014 12:46:41 PM es.bsc.aeneas.workloader.controller.TestImpl run
INFO: Test completed
Jan 10, 2014 12:46:41 PM es.bsc.aeneas.commons.VerboseConfiguration getProperty
INFO: methodfilter property set to null
Jan 10, 2014 12:46:41 PM es.bsc.aeneas.commons.VerboseConfiguration getString
WARNING: Using the default value for methodfilter property: null
Jan 10, 2014 12:46:41 PM es.bsc.aeneas.commons.VerboseConfiguration getString
INFO: methodfilter property set to null
Jan 10, 2014 12:46:41 PM es.bsc.aeneas.workloader.controller.TestImpl$4 onSuccess
INFO: Completed 1 on 20 queries (5%)
Jan 10, 2014 12:46:41 PM es.bsc.aeneas.workloader.controller.TestImpl$4 onSuccess
INFO: Completed 3 on 20 queries (15%)
Jan 10, 2014 12:46:41 PM es.bsc.aeneas.workloader.controller.TestImpl$4 onSuccess
INFO: Completed 2 on 20 queries (10%)
Jan 10, 2014 12:46:41 PM es.bsc.aeneas.workloader.controller.TestImpl$4 onSuccess
INFO: Completed 11 on 20 queries (55%)
Jan 10, 2014 12:46:41 PM es.bsc.aeneas.workloader.controller.TestImpl$4 onSuccess
INFO: Completed 12 on 20 queries (60%)
Jan 10, 2014 12:46:41 PM es.bsc.aeneas.workloader.controller.TestImpl$4 onSuccess
INFO: Completed 10 on 20 queries (50%)
Jan 10, 2014 12:46:41 PM es.bsc.aeneas.workloader.controller.TestImpl$4 onSuccess
INFO: Completed 9 on 20 queries (45%)
Jan 10, 2014 12:46:41 PM es.bsc.aeneas.workloader.controller.TestImpl$4 onSuccess
INFO: Completed 8 on 20 queries (40%)
Jan 10, 2014 12:46:41 PM es.bsc.aeneas.workloader.controller.TestImpl$4 onSuccess
INFO: Completed 7 on 20 queries (35%)
Jan 10, 2014 12:46:41 PM es.bsc.aeneas.workloader.controller.TestImpl$4 onSuccess
INFO: Completed 6 on 20 queries (30%)
Jan 10, 2014 12:46:41 PM es.bsc.aeneas.workloader.controller.TestImpl$4 onSuccess
INFO: Completed 5 on 20 queries (25%)
Jan 10, 2014 12:46:41 PM es.bsc.aeneas.workloader.controller.TestImpl$4 onSuccess
INFO: Completed 4 on 20 queries (20%)
Jan 10, 2014 12:46:41 PM es.bsc.aeneas.workloader.controller.TestImpl run
INFO: Test completed
Jan 10, 2014 12:46:41 PM es.bsc.aeneas.workloader.controller.TestImpl$4 onSuccess
INFO: Completed 19 on 20 queries (95%)
Jan 10, 2014 12:46:41 PM es.bsc.aeneas.workloader.controller.TestImpl$4 onSuccess
INFO: Completed 18 on 20 queries (90%)
Jan 10, 2014 12:46:41 PM es.bsc.aeneas.workloader.controller.TestImpl$4 onSuccess
INFO: Completed 17 on 20 queries (85%)
Jan 10, 2014 12:46:41 PM es.bsc.aeneas.workloader.controller.TestImpl$4 onSuccess
INFO: Completed 16 on 20 queries (80%)
Jan 10, 2014 12:46:41 PM es.bsc.aeneas.workloader.controller.TestImpl$4 onSuccess
INFO: Completed 15 on 20 queries (75%)
Jan 10, 2014 12:46:41 PM es.bsc.aeneas.workloader.controller.TestImpl$4 onSuccess
INFO: Completed 14 on 20 queries (70%)
Jan 10, 2014 12:46:41 PM es.bsc.aeneas.workloader.controller.TestImpl$4 onSuccess
INFO: Completed 13 on 20 queries (65%)
Jan 10, 2014 12:46:41 PM es.bsc.aeneas.commons.VerboseConfiguration getProperty
INFO: methodfilter property set to null
Jan 10, 2014 12:46:41 PM es.bsc.aeneas.commons.VerboseConfiguration getString
WARNING: Using the default value for methodfilter property: null
Jan 10, 2014 12:46:41 PM es.bsc.aeneas.commons.VerboseConfiguration getString
INFO: methodfilter property set to null
Jan 10, 2014 12:46:41 PM es.bsc.aeneas.workloader.controller.TestImpl run
INFO: Test completed
</system-err>
  </testcase>
  <testcase time="25.814" classname="es.bsc.aeneas.workloader.controller.TestImplTest" name="testRunException"/>
  <testcase time="26.797" classname="es.bsc.aeneas.workloader.controller.TestImplTest" name="testRunTimeout"/>
  <testcase time="0" classname="es.bsc.aeneas.workloader.controller.TestImplTest" name="testFilterMethodsRun"/>
</testsuite>