<?xml version="1.0" encoding="UTF-8" ?>
<testsuite failures="0" time="0.795" errors="2" skipped="0" tests="2" name="es.bsc.aeneas.workloader.controller.ClientTest">
  <properties>
    <property name="java.runtime.name" value="Java(TM) SE Runtime Environment"/>
    <property name="sun.boot.library.path" value="/usr/java/jdk1.7.0_40/jre/lib/amd64"/>
    <property name="java.vm.version" value="24.0-b56"/>
    <property name="java.vm.vendor" value="Oracle Corporation"/>
    <property name="java.vendor.url" value="http://java.oracle.com/"/>
    <property name="path.separator" value=":"/>
    <property name="guice.disable.misplaced.annotation.check" value="true"/>
    <property name="java.vm.name" value="Java HotSpot(TM) 64-Bit Server VM"/>
    <property name="file.encoding.pkg" value="sun.io"/>
    <property name="user.country" value="US"/>
    <property name="sun.java.launcher" value="SUN_STANDARD"/>
    <property name="sun.os.patch.level" value="unknown"/>
    <property name="java.vm.specification.name" value="Java Virtual Machine Specification"/>
    <property name="user.dir" value="/home/ccugnasc/workspace/aeneas"/>
    <property name="java.runtime.version" value="1.7.0_40-b43"/>
    <property name="java.awt.graphicsenv" value="sun.awt.X11GraphicsEnvironment"/>
    <property name="java.endorsed.dirs" value="/usr/java/jdk1.7.0_40/jre/lib/endorsed"/>
    <property name="os.arch" value="amd64"/>
    <property name="java.io.tmpdir" value="/tmp"/>
    <property name="line.separator" value="
"/>
    <property name="java.vm.specification.vendor" value="Oracle Corporation"/>
    <property name="os.name" value="Linux"/>
    <property name="classworlds.conf" value="/home/ccugnasc/netbeans-7.3.1/java/maven/bin/m2.conf"/>
    <property name="sun.jnu.encoding" value="UTF-8"/>
    <property name="java.library.path" value="/usr/java/latest/jre/lib/amd64:/usr/java/latest/jre/lib/i386::/usr/java/packages/lib/amd64:/usr/lib64:/lib64:/lib:/usr/lib"/>
    <property name="java.specification.name" value="Java Platform API Specification"/>
    <property name="java.class.version" value="51.0"/>
    <property name="sun.management.compiler" value="HotSpot 64-Bit Tiered Compilers"/>
    <property name="os.version" value="3.12.6-200.fc19.x86_64"/>
    <property name="user.home" value="/home/ccugnasc"/>
    <property name="user.timezone" value="Europe/Madrid"/>
    <property name="java.awt.printerjob" value="sun.print.PSPrinterJob"/>
    <property name="file.encoding" value="UTF-8"/>
    <property name="java.specification.version" value="1.7"/>
    <property name="user.name" value="ccugnasc"/>
    <property name="java.class.path" value="/home/ccugnasc/netbeans-7.3.1/java/maven/boot/plexus-classworlds-2.4.jar"/>
    <property name="java.vm.specification.version" value="1.7"/>
    <property name="sun.arch.data.model" value="64"/>
    <property name="java.home" value="/usr/java/jdk1.7.0_40/jre"/>
    <property name="sun.java.command" value="org.codehaus.plexus.classworlds.launcher.Launcher test"/>
    <property name="java.specification.vendor" value="Oracle Corporation"/>
    <property name="user.language" value="en"/>
    <property name="awt.toolkit" value="sun.awt.X11.XToolkit"/>
    <property name="java.vm.info" value="mixed mode"/>
    <property name="java.version" value="1.7.0_40"/>
    <property name="java.ext.dirs" value="/usr/java/jdk1.7.0_40/jre/lib/ext:/usr/java/packages/lib/ext"/>
    <property name="securerandom.source" value="file:/dev/./urandom"/>
    <property name="sun.boot.class.path" value="/usr/java/jdk1.7.0_40/jre/lib/resources.jar:/usr/java/jdk1.7.0_40/jre/lib/rt.jar:/usr/java/jdk1.7.0_40/jre/lib/sunrsasign.jar:/usr/java/jdk1.7.0_40/jre/lib/jsse.jar:/usr/java/jdk1.7.0_40/jre/lib/jce.jar:/usr/java/jdk1.7.0_40/jre/lib/charsets.jar:/usr/java/jdk1.7.0_40/jre/lib/jfr.jar:/usr/java/jdk1.7.0_40/jre/classes"/>
    <property name="java.vendor" value="Oracle Corporation"/>
    <property name="maven.home" value="/home/ccugnasc/netbeans-7.3.1/java/maven"/>
    <property name="file.separator" value="/"/>
    <property name="java.vendor.url.bug" value="http://bugreport.sun.com/bugreport/"/>
    <property name="sun.cpu.endian" value="little"/>
    <property name="sun.io.unicode.encoding" value="UnicodeLittle"/>
    <property name="sun.cpu.isalist" value=""/>
  </properties>
  <testcase time="0.737" classname="es.bsc.aeneas.workloader.controller.ClientTest" name="testMain1000">
    <error message="QueryInterface service provider class not found." type="java.lang.IllegalArgumentException">java.lang.IllegalArgumentException: QueryInterface service provider class not found.
	at es.bsc.aeneas.workloader.controller.Client.main(Client.java:56)
	at es.bsc.aeneas.workloader.controller.ClientTest.testMain1000(ClientTest.java:31)
	at sun.reflect.NativeMethodAccessorImpl.invoke0(Native Method)
	at sun.reflect.NativeMethodAccessorImpl.invoke(NativeMethodAccessorImpl.java:57)
	at sun.reflect.DelegatingMethodAccessorImpl.invoke(DelegatingMethodAccessorImpl.java:43)
	at java.lang.reflect.Method.invoke(Method.java:606)
	at junit.framework.TestCase.runTest(TestCase.java:168)
	at junit.framework.TestCase.runBare(TestCase.java:134)
	at junit.framework.TestResult$1.protect(TestResult.java:110)
	at junit.framework.TestResult.runProtected(TestResult.java:128)
	at junit.framework.TestResult.run(TestResult.java:113)
	at junit.framework.TestCase.run(TestCase.java:124)
	at junit.framework.TestSuite.runTest(TestSuite.java:232)
	at junit.framework.TestSuite.run(TestSuite.java:227)
	at org.junit.internal.runners.JUnit38ClassRunner.run(JUnit38ClassRunner.java:83)
	at org.apache.maven.surefire.junit4.JUnit4Provider.execute(JUnit4Provider.java:236)
	at org.apache.maven.surefire.junit4.JUnit4Provider.executeTestSet(JUnit4Provider.java:134)
	at org.apache.maven.surefire.junit4.JUnit4Provider.invoke(JUnit4Provider.java:113)
	at sun.reflect.NativeMethodAccessorImpl.invoke0(Native Method)
	at sun.reflect.NativeMethodAccessorImpl.invoke(NativeMethodAccessorImpl.java:57)
	at sun.reflect.DelegatingMethodAccessorImpl.invoke(DelegatingMethodAccessorImpl.java:43)
	at java.lang.reflect.Method.invoke(Method.java:606)
	at org.apache.maven.surefire.util.ReflectionUtils.invokeMethodWithArray(ReflectionUtils.java:189)
	at org.apache.maven.surefire.booter.ProviderFactory$ProviderProxy.invoke(ProviderFactory.java:165)
	at org.apache.maven.surefire.booter.ProviderFactory.invokeProvider(ProviderFactory.java:85)
	at org.apache.maven.surefire.booter.ForkedBooter.runSuitesInProcess(ForkedBooter.java:103)
	at org.apache.maven.surefire.booter.ForkedBooter.main(ForkedBooter.java:74)
</error>
    <system-err>Jan 10, 2014 12:46:40 PM es.bsc.aeneas.commons.VerboseConfiguration getProperty
INFO: distribution property set to null
Jan 10, 2014 12:46:40 PM es.bsc.aeneas.commons.VerboseConfiguration getString
WARNING: Using the default value for distribution property: uniform
Jan 10, 2014 12:46:40 PM es.bsc.aeneas.commons.VerboseConfiguration getProperty
INFO: model property set to null
Jan 10, 2014 12:46:40 PM es.bsc.aeneas.commons.VerboseConfiguration getString
WARNING: Using the default value for model property: test
Jan 10, 2014 12:46:40 PM es.bsc.aeneas.commons.VerboseConfiguration getProperty
INFO: testname property set to null
Jan 10, 2014 12:46:40 PM es.bsc.aeneas.commons.VerboseConfiguration getString
WARNING: Using the default value for testname property: null
Jan 10, 2014 12:46:40 PM es.bsc.aeneas.commons.VerboseConfiguration getString
INFO: testname property set to null
Jan 10, 2014 12:46:40 PM es.bsc.aeneas.commons.VerboseConfiguration getProperty
INFO: reportingserverlocation property set to null
Jan 10, 2014 12:46:40 PM es.bsc.aeneas.commons.VerboseConfiguration getString
WARNING: Using the default value for reportingserverlocation property: localhost:9160
Jan 10, 2014 12:46:40 PM es.bsc.aeneas.commons.VerboseConfiguration getProperty
INFO: reportingserverclustername property set to null
Jan 10, 2014 12:46:40 PM es.bsc.aeneas.commons.VerboseConfiguration getString
WARNING: Using the default value for reportingserverclustername property: CBMetrics
Jan 10, 2014 12:46:40 PM es.bsc.aeneas.commons.VerboseConfiguration getProperty
INFO: readconsistency property set to null
Jan 10, 2014 12:46:40 PM es.bsc.aeneas.commons.VerboseConfiguration getString
WARNING: Using the default value for readconsistency property: QUORUM
Jan 10, 2014 12:46:40 PM es.bsc.aeneas.commons.VerboseConfiguration getProperty
INFO: writeconsistency property set to null
Jan 10, 2014 12:46:40 PM es.bsc.aeneas.commons.VerboseConfiguration getString
WARNING: Using the default value for writeconsistency property: ANY
Jan 10, 2014 12:46:40 PM es.bsc.aeneas.commons.VerboseConfiguration getProperty
INFO: autoDiscoverHosts property set to null
Jan 10, 2014 12:46:40 PM es.bsc.aeneas.commons.VerboseConfiguration getBoolean
WARNING: Using the default value for autoDiscoverHosts property: true
Jan 10, 2014 12:46:40 PM es.bsc.aeneas.commons.VerboseConfiguration getProperty
INFO: referencemodel property set to null
Jan 10, 2014 12:46:40 PM es.bsc.aeneas.commons.VerboseConfiguration getString
WARNING: Using the default value for referencemodel property: referenceModel.xml
Jan 10, 2014 12:46:40 PM es.bsc.aeneas.commons.VerboseConfiguration getProperty
INFO: querymodel property set to null
Jan 10, 2014 12:46:40 PM es.bsc.aeneas.commons.VerboseConfiguration getString
WARNING: Using the default value for querymodel property: queryModel.xml
Jan 10, 2014 12:46:41 PM es.bsc.aeneas.model.Col &lt;init&gt;
INFO: test-list with valueType VALUELESS 
Jan 10, 2014 12:46:41 PM es.bsc.aeneas.model.Col &lt;init&gt;
INFO: nodes-list with valueType VALUELESS 
Jan 10, 2014 12:46:41 PM es.bsc.aeneas.model.Col &lt;init&gt;
INFO: context-list with valueType VALUELESS 
Jan 10, 2014 12:46:41 PM es.bsc.aeneas.model.CF &lt;init&gt;
INFO: CF lists: dynamic column sorter 
Jan 10, 2014 12:46:41 PM es.bsc.aeneas.model.CF &lt;init&gt;
INFO: CF:lists keyType:SINGLE_KEY,keyValidationClass:UTF8Type,
Jan 10, 2014 12:46:41 PM es.bsc.aeneas.model.Col &lt;init&gt;
INFO: start with valueType SINGLE_VALUE 
Jan 10, 2014 12:46:41 PM es.bsc.aeneas.model.Col &lt;init&gt;
INFO: stop with valueType SINGLE_VALUE 
Jan 10, 2014 12:46:41 PM es.bsc.aeneas.model.CF &lt;init&gt;
INFO: CF tests: composite column sorter with (UTF8Type,UTF8Type,UTF8Type) types
Jan 10, 2014 12:46:41 PM es.bsc.aeneas.model.CF &lt;init&gt;
INFO: CF:tests keyType:SINGLE_KEY,keyValidationClass:UTF8Type,
Jan 10, 2014 12:46:41 PM es.bsc.aeneas.model.Col &lt;init&gt;
INFO: metricsSingle with valueType SINGLE_VALUE 
Jan 10, 2014 12:46:41 PM es.bsc.aeneas.model.CF &lt;init&gt;
INFO: CF metrics: composite column sorter with (UTF8Type,LongType) types
SLF4J: Failed to load class &quot;org.slf4j.impl.StaticLoggerBinder&quot;.
SLF4J: Defaulting to no-operation (NOP) logger implementation
SLF4J: See http://www.slf4j.org/codes.html#StaticLoggerBinder for further details.
Jan 10, 2014 12:46:41 PM es.bsc.aeneas.commons.VerboseConfiguration getProperty
INFO: numberofthreads property set to null
Jan 10, 2014 12:46:41 PM es.bsc.aeneas.loader.Loader &lt;clinit&gt;
INFO: Number of threads setted to 17
Jan 10, 2014 12:46:41 PM es.bsc.aeneas.commons.VerboseConfiguration getProperty
INFO: clustername property set to null
Jan 10, 2014 12:46:41 PM es.bsc.aeneas.commons.VerboseConfiguration getString
WARNING: Using the default value for clustername property: aeneas
Jan 10, 2014 12:46:41 PM es.bsc.aeneas.commons.VerboseConfiguration getProperty
INFO: clusterlocation property set to null
Jan 10, 2014 12:46:41 PM es.bsc.aeneas.commons.VerboseConfiguration getString
WARNING: Using the default value for clusterlocation property: localhost:9160
Jan 10, 2014 12:46:41 PM es.bsc.aeneas.loader.Loader configureCluster
INFO: connecting to the cluster CBMetrics at localhost:9160
Jan 10, 2014 12:46:41 PM es.bsc.aeneas.commons.VerboseConfiguration getProperty
INFO: nodes property set to null
Jan 10, 2014 12:46:41 PM es.bsc.aeneas.commons.VerboseConfiguration getString
WARNING: Using the default value for nodes property: null
Jan 10, 2014 12:46:41 PM es.bsc.aeneas.commons.VerboseConfiguration getString
INFO: nodes property set to null
Jan 10, 2014 12:46:41 PM es.bsc.aeneas.model.Ks createKeyspaceDefinition
INFO: Creating Cassandra definition for Column family lists
Jan 10, 2014 12:46:41 PM es.bsc.aeneas.model.Ks createKeyspaceDefinition
INFO: Creating Cassandra definition for Column family tests
Jan 10, 2014 12:46:41 PM es.bsc.aeneas.model.Col getColumnDefinition
INFO: column: start
Jan 10, 2014 12:46:41 PM es.bsc.aeneas.model.Col getColumnDefinition
INFO: Column name: composite name made by start
Jan 10, 2014 12:46:41 PM es.bsc.aeneas.model.Col getColumnDefinition
INFO: Column value: set validator org.apache.cassandra.db.marshal.LongType
Jan 10, 2014 12:46:41 PM es.bsc.aeneas.model.Col getColumnDefinition
INFO: column: stop
Jan 10, 2014 12:46:41 PM es.bsc.aeneas.model.Col getColumnDefinition
INFO: Column name: composite name made by stop
Jan 10, 2014 12:46:41 PM es.bsc.aeneas.model.Col getColumnDefinition
INFO: Column value: set validator org.apache.cassandra.db.marshal.LongType
Jan 10, 2014 12:46:41 PM es.bsc.aeneas.model.Ks createKeyspaceDefinition
INFO: Creating Cassandra definition for Column family metrics
Jan 10, 2014 12:46:41 PM es.bsc.aeneas.commons.VerboseConfiguration getProperty
INFO: metricssampling property set to null
Jan 10, 2014 12:46:41 PM es.bsc.aeneas.commons.VerboseConfiguration getProperty
INFO: ntest property set to 1000
Jan 10, 2014 12:46:41 PM es.bsc.aeneas.commons.VerboseConfiguration getProperty
INFO: concurrency property set to null
</system-err>
  </testcase>
  <testcase time="0.058" classname="es.bsc.aeneas.workloader.controller.ClientTest" name="testMain">
    <error message="QueryInterface service provider class not found." type="java.lang.IllegalArgumentException">java.lang.IllegalArgumentException: QueryInterface service provider class not found.
	at es.bsc.aeneas.workloader.controller.Client.main(Client.java:56)
	at es.bsc.aeneas.workloader.controller.ClientTest.testMain(ClientTest.java:23)
	at sun.reflect.NativeMethodAccessorImpl.invoke0(Native Method)
	at sun.reflect.NativeMethodAccessorImpl.invoke(NativeMethodAccessorImpl.java:57)
	at sun.reflect.DelegatingMethodAccessorImpl.invoke(DelegatingMethodAccessorImpl.java:43)
	at java.lang.reflect.Method.invoke(Method.java:606)
	at junit.framework.TestCase.runTest(TestCase.java:168)
	at junit.framework.TestCase.runBare(TestCase.java:134)
	at junit.framework.TestResult$1.protect(TestResult.java:110)
	at junit.framework.TestResult.runProtected(TestResult.java:128)
	at junit.framework.TestResult.run(TestResult.java:113)
	at junit.framework.TestCase.run(TestCase.java:124)
	at junit.framework.TestSuite.runTest(TestSuite.java:232)
	at junit.framework.TestSuite.run(TestSuite.java:227)
	at org.junit.internal.runners.JUnit38ClassRunner.run(JUnit38ClassRunner.java:83)
	at org.apache.maven.surefire.junit4.JUnit4Provider.execute(JUnit4Provider.java:236)
	at org.apache.maven.surefire.junit4.JUnit4Provider.executeTestSet(JUnit4Provider.java:134)
	at org.apache.maven.surefire.junit4.JUnit4Provider.invoke(JUnit4Provider.java:113)
	at sun.reflect.NativeMethodAccessorImpl.invoke0(Native Method)
	at sun.reflect.NativeMethodAccessorImpl.invoke(NativeMethodAccessorImpl.java:57)
	at sun.reflect.DelegatingMethodAccessorImpl.invoke(DelegatingMethodAccessorImpl.java:43)
	at java.lang.reflect.Method.invoke(Method.java:606)
	at org.apache.maven.surefire.util.ReflectionUtils.invokeMethodWithArray(ReflectionUtils.java:189)
	at org.apache.maven.surefire.booter.ProviderFactory$ProviderProxy.invoke(ProviderFactory.java:165)
	at org.apache.maven.surefire.booter.ProviderFactory.invokeProvider(ProviderFactory.java:85)
	at org.apache.maven.surefire.booter.ForkedBooter.runSuitesInProcess(ForkedBooter.java:103)
	at org.apache.maven.surefire.booter.ForkedBooter.main(ForkedBooter.java:74)
</error>
    <system-err>Jan 10, 2014 12:46:41 PM es.bsc.aeneas.commons.VerboseConfiguration getProperty
INFO: distribution property set to null
Jan 10, 2014 12:46:41 PM es.bsc.aeneas.commons.VerboseConfiguration getString
WARNING: Using the default value for distribution property: uniform
Jan 10, 2014 12:46:41 PM es.bsc.aeneas.commons.VerboseConfiguration getProperty
INFO: model property set to null
Jan 10, 2014 12:46:41 PM es.bsc.aeneas.commons.VerboseConfiguration getString
WARNING: Using the default value for model property: test
Jan 10, 2014 12:46:41 PM es.bsc.aeneas.commons.VerboseConfiguration getProperty
INFO: testname property set to null
Jan 10, 2014 12:46:41 PM es.bsc.aeneas.commons.VerboseConfiguration getString
WARNING: Using the default value for testname property: null
Jan 10, 2014 12:46:41 PM es.bsc.aeneas.commons.VerboseConfiguration getString
INFO: testname property set to null
Jan 10, 2014 12:46:41 PM es.bsc.aeneas.commons.VerboseConfiguration getProperty
INFO: reportingserverlocation property set to null
Jan 10, 2014 12:46:41 PM es.bsc.aeneas.commons.VerboseConfiguration getString
WARNING: Using the default value for reportingserverlocation property: localhost:9160
Jan 10, 2014 12:46:41 PM es.bsc.aeneas.commons.VerboseConfiguration getProperty
INFO: reportingserverclustername property set to null
Jan 10, 2014 12:46:41 PM es.bsc.aeneas.commons.VerboseConfiguration getString
WARNING: Using the default value for reportingserverclustername property: CBMetrics
Jan 10, 2014 12:46:41 PM es.bsc.aeneas.commons.VerboseConfiguration getProperty
INFO: readconsistency property set to null
Jan 10, 2014 12:46:41 PM es.bsc.aeneas.commons.VerboseConfiguration getString
WARNING: Using the default value for readconsistency property: QUORUM
Jan 10, 2014 12:46:41 PM es.bsc.aeneas.commons.VerboseConfiguration getProperty
INFO: writeconsistency property set to null
Jan 10, 2014 12:46:41 PM es.bsc.aeneas.commons.VerboseConfiguration getString
WARNING: Using the default value for writeconsistency property: ANY
Jan 10, 2014 12:46:41 PM es.bsc.aeneas.commons.VerboseConfiguration getProperty
INFO: autoDiscoverHosts property set to null
Jan 10, 2014 12:46:41 PM es.bsc.aeneas.commons.VerboseConfiguration getBoolean
WARNING: Using the default value for autoDiscoverHosts property: true
Jan 10, 2014 12:46:41 PM es.bsc.aeneas.model.Col &lt;init&gt;
INFO: test-list with valueType VALUELESS 
Jan 10, 2014 12:46:41 PM es.bsc.aeneas.model.Col &lt;init&gt;
INFO: nodes-list with valueType VALUELESS 
Jan 10, 2014 12:46:41 PM es.bsc.aeneas.model.Col &lt;init&gt;
INFO: context-list with valueType VALUELESS 
Jan 10, 2014 12:46:41 PM es.bsc.aeneas.model.CF &lt;init&gt;
INFO: CF lists: dynamic column sorter 
Jan 10, 2014 12:46:41 PM es.bsc.aeneas.model.CF &lt;init&gt;
INFO: CF:lists keyType:SINGLE_KEY,keyValidationClass:UTF8Type,
Jan 10, 2014 12:46:41 PM es.bsc.aeneas.model.Col &lt;init&gt;
INFO: start with valueType SINGLE_VALUE 
Jan 10, 2014 12:46:41 PM es.bsc.aeneas.model.Col &lt;init&gt;
INFO: stop with valueType SINGLE_VALUE 
Jan 10, 2014 12:46:41 PM es.bsc.aeneas.model.CF &lt;init&gt;
INFO: CF tests: composite column sorter with (UTF8Type,UTF8Type,UTF8Type) types
Jan 10, 2014 12:46:41 PM es.bsc.aeneas.model.CF &lt;init&gt;
INFO: CF:tests keyType:SINGLE_KEY,keyValidationClass:UTF8Type,
Jan 10, 2014 12:46:41 PM es.bsc.aeneas.model.Col &lt;init&gt;
INFO: metricsSingle with valueType SINGLE_VALUE 
Jan 10, 2014 12:46:41 PM es.bsc.aeneas.model.CF &lt;init&gt;
INFO: CF metrics: composite column sorter with (UTF8Type,LongType) types
Jan 10, 2014 12:46:41 PM es.bsc.aeneas.loader.Loader configureCluster
INFO: connecting to the cluster CBMetrics at localhost:9160
Jan 10, 2014 12:46:41 PM es.bsc.aeneas.commons.VerboseConfiguration getProperty
INFO: nodes property set to null
Jan 10, 2014 12:46:41 PM es.bsc.aeneas.commons.VerboseConfiguration getString
WARNING: Using the default value for nodes property: null
Jan 10, 2014 12:46:41 PM es.bsc.aeneas.commons.VerboseConfiguration getString
INFO: nodes property set to null
Jan 10, 2014 12:46:41 PM es.bsc.aeneas.model.Ks createKeyspaceDefinition
INFO: Creating Cassandra definition for Column family lists
Jan 10, 2014 12:46:41 PM es.bsc.aeneas.model.Ks createKeyspaceDefinition
INFO: Creating Cassandra definition for Column family tests
Jan 10, 2014 12:46:41 PM es.bsc.aeneas.model.Col getColumnDefinition
INFO: column: start
Jan 10, 2014 12:46:41 PM es.bsc.aeneas.model.Col getColumnDefinition
INFO: Column name: composite name made by start
Jan 10, 2014 12:46:41 PM es.bsc.aeneas.model.Col getColumnDefinition
INFO: Column value: set validator org.apache.cassandra.db.marshal.LongType
Jan 10, 2014 12:46:41 PM es.bsc.aeneas.model.Col getColumnDefinition
INFO: column: stop
Jan 10, 2014 12:46:41 PM es.bsc.aeneas.model.Col getColumnDefinition
INFO: Column name: composite name made by stop
Jan 10, 2014 12:46:41 PM es.bsc.aeneas.model.Col getColumnDefinition
INFO: Column value: set validator org.apache.cassandra.db.marshal.LongType
Jan 10, 2014 12:46:41 PM es.bsc.aeneas.model.Ks createKeyspaceDefinition
INFO: Creating Cassandra definition for Column family metrics
Jan 10, 2014 12:46:41 PM es.bsc.aeneas.commons.VerboseConfiguration getProperty
INFO: metricssampling property set to null
Jan 10, 2014 12:46:41 PM es.bsc.aeneas.commons.VerboseConfiguration getProperty
INFO: ntest property set to 1
Jan 10, 2014 12:46:41 PM es.bsc.aeneas.commons.VerboseConfiguration getProperty
INFO: concurrency property set to null
</system-err>
  </testcase>
</testsuite>